2022-11-01 22:28:45.722  INFO 38183 --- [restartedMain] com.ojt.bs.OjtMovieApplication           : Starting OjtMovieApplication using Java 11.0.16 on Wins-MacBook-Air.local with PID 38183 (/Users/winmon/eclipse-bsCamp-spring/OjtMovie/bin/main started by winmon in /Users/winmon/eclipse-bsCamp-spring/OjtMovie)
2022-11-01 22:28:45.726  INFO 38183 --- [restartedMain] com.ojt.bs.OjtMovieApplication           : No active profile set, falling back to 1 default profile: "default"
2022-11-01 22:28:45.807  INFO 38183 --- [restartedMain] .e.DevToolsPropertyDefaultsPostProcessor : Devtools property defaults active! Set 'spring.devtools.add-properties' to 'false' to disable
2022-11-01 22:28:45.807  INFO 38183 --- [restartedMain] .e.DevToolsPropertyDefaultsPostProcessor : For additional web related logging consider setting the 'logging.level.web' property to 'DEBUG'
2022-11-01 22:28:47.357  INFO 38183 --- [restartedMain] .s.d.r.c.RepositoryConfigurationDelegate : Bootstrapping Spring Data JPA repositories in DEFAULT mode.
2022-11-01 22:28:47.376  INFO 38183 --- [restartedMain] .s.d.r.c.RepositoryConfigurationDelegate : Finished Spring Data repository scanning in 7 ms. Found 0 JPA repository interfaces.
2022-11-01 22:28:48.195  INFO 38183 --- [restartedMain] o.s.b.w.embedded.tomcat.TomcatWebServer  : Tomcat initialized with port(s): 8080 (http)
2022-11-01 22:28:48.213  INFO 38183 --- [restartedMain] o.apache.catalina.core.StandardService   : Starting service [Tomcat]
2022-11-01 22:28:48.214  INFO 38183 --- [restartedMain] org.apache.catalina.core.StandardEngine  : Starting Servlet engine: [Apache Tomcat/9.0.68]
2022-11-01 22:28:48.377  INFO 38183 --- [restartedMain] o.a.c.c.C.[Tomcat].[localhost].[/]       : Initializing Spring embedded WebApplicationContext
2022-11-01 22:28:48.377  INFO 38183 --- [restartedMain] w.s.c.ServletWebServerApplicationContext : Root WebApplicationContext: initialization completed in 2569 ms
2022-11-01 22:28:48.633  INFO 38183 --- [restartedMain] o.hibernate.jpa.internal.util.LogHelper  : HHH000204: Processing PersistenceUnitInfo [name: default]
2022-11-01 22:28:48.731  INFO 38183 --- [restartedMain] org.hibernate.Version                    : HHH000412: Hibernate ORM core version 5.6.12.Final
2022-11-01 22:28:48.958  INFO 38183 --- [restartedMain] o.hibernate.annotations.common.Version   : HCANN000001: Hibernate Commons Annotations {5.1.2.Final}
2022-11-01 22:28:49.098  INFO 38183 --- [restartedMain] com.zaxxer.hikari.HikariDataSource       : HikariPool-1 - Starting...
2022-11-01 22:28:49.470  INFO 38183 --- [restartedMain] com.zaxxer.hikari.HikariDataSource       : HikariPool-1 - Start completed.
2022-11-01 22:28:49.492  INFO 38183 --- [restartedMain] org.hibernate.dialect.Dialect            : HHH000400: Using dialect: org.hibernate.dialect.MySQL5InnoDBDialect
2022-11-01 22:28:50.028  INFO 38183 --- [restartedMain] o.h.e.t.j.p.i.JtaPlatformInitiator       : HHH000490: Using JtaPlatform implementation: [org.hibernate.engine.transaction.jta.platform.internal.NoJtaPlatform]
2022-11-01 22:28:50.044  INFO 38183 --- [restartedMain] j.LocalContainerEntityManagerFactoryBean : Initialized JPA EntityManagerFactory for persistence unit 'default'
2022-11-01 22:28:50.132  WARN 38183 --- [restartedMain] JpaBaseConfiguration$JpaWebConfiguration : spring.jpa.open-in-view is enabled by default. Therefore, database queries may be performed during view rendering. Explicitly configure spring.jpa.open-in-view to disable this warning
2022-11-01 22:28:50.295 DEBUG 38183 --- [restartedMain] s.w.s.m.m.a.RequestMappingHandlerAdapter : ControllerAdvice beans: 0 @ModelAttribute, 0 @InitBinder, 1 RequestBodyAdvice, 1 ResponseBodyAdvice
2022-11-01 22:28:50.401 DEBUG 38183 --- [restartedMain] s.w.s.m.m.a.RequestMappingHandlerMapping : 2 mappings in 'requestMappingHandlerMapping'
2022-11-01 22:28:50.429 DEBUG 38183 --- [restartedMain] o.s.w.s.handler.SimpleUrlHandlerMapping  : Patterns [/webjars/**, /**] in 'resourceHandlerMapping'
2022-11-01 22:28:50.454 DEBUG 38183 --- [restartedMain] .m.m.a.ExceptionHandlerExceptionResolver : ControllerAdvice beans: 0 @ExceptionHandler, 1 ResponseBodyAdvice
2022-11-01 22:28:50.619  WARN 38183 --- [restartedMain] .s.s.UserDetailsServiceAutoConfiguration : 

Using generated security password: c9d99c13-b970-4bd5-b9cb-0708aa9fece2

This generated password is for development use only. Your security configuration must be updated before running your application in production.

2022-11-01 22:28:50.772  INFO 38183 --- [restartedMain] o.s.s.web.DefaultSecurityFilterChain     : Will secure any request with [org.springframework.security.web.session.DisableEncodeUrlFilter@22b6918e, org.springframework.security.web.context.request.async.WebAsyncManagerIntegrationFilter@64e20548, org.springframework.security.web.context.SecurityContextPersistenceFilter@1c8ba56e, org.springframework.security.web.header.HeaderWriterFilter@74636880, org.springframework.security.web.csrf.CsrfFilter@22630340, org.springframework.security.web.authentication.logout.LogoutFilter@19744ff5, org.springframework.security.web.authentication.UsernamePasswordAuthenticationFilter@f93bbe7, org.springframework.security.web.authentication.ui.DefaultLoginPageGeneratingFilter@532e0b00, org.springframework.security.web.authentication.ui.DefaultLogoutPageGeneratingFilter@67218a4c, org.springframework.security.web.authentication.www.BasicAuthenticationFilter@72069292, org.springframework.security.web.savedrequest.RequestCacheAwareFilter@10d01208, org.springframework.security.web.servletapi.SecurityContextHolderAwareRequestFilter@54e436a8, org.springframework.security.web.authentication.AnonymousAuthenticationFilter@3b04cf92, org.springframework.security.web.session.SessionManagementFilter@9bd93f7, org.springframework.security.web.access.ExceptionTranslationFilter@255ded41, org.springframework.security.web.access.intercept.FilterSecurityInterceptor@317d7a1d]
2022-11-01 22:28:50.853  INFO 38183 --- [restartedMain] o.s.b.d.a.OptionalLiveReloadServer       : LiveReload server is running on port 35729
2022-11-01 22:28:50.953  INFO 38183 --- [restartedMain] o.s.b.w.embedded.tomcat.TomcatWebServer  : Tomcat started on port(s): 8080 (http) with context path ''
2022-11-01 22:28:50.970  INFO 38183 --- [restartedMain] com.ojt.bs.OjtMovieApplication           : Started OjtMovieApplication in 5.823 seconds (JVM running for 7.007)
